<?xml version="1.0" encoding="UTF-8"?>
<!-- Generated by org.testng.reporters.JUnitReportReporter -->
<testsuite skipped="0" hostname="IN2196867W4" name="testcase.testcaseclass" tests="3" failures="0" timestamp="2020-12-24T11:00:56 IST" time="104.848" errors="0">
  <testcase name="searchwithvalidvalues" time="35.452" classname="testcase.testcaseclass"/>
  <system-out/>
  <testcase name="searchwithvalidvalues" time="36.712" classname="testcase.testcaseclass"/>
  <system-out/>
  <testcase name="searchwithvalidvalues" time="32.684" classname="testcase.testcaseclass"/>
  <system-out/>
</testsuite> <!-- testcase.testcaseclass -->
