<?xml version="1.0" encoding="UTF-8"?>
<!-- Generated by org.testng.reporters.JUnitReportReporter -->
<testsuite skipped="0" hostname="IN2196867W4" name="testcase.testcaseclass" tests="3" failures="0" timestamp="2020-12-25T11:17:11 IST" time="120.120" errors="0">
  <testcase name="searchwithvalidvalues" time="29.896" classname="testcase.testcaseclass"/>
  <system-out/>
  <testcase name="searchwithvalidvalues" time="35.018" classname="testcase.testcaseclass"/>
  <system-out/>
  <testcase name="searchwithvalidvalues" time="55.206" classname="testcase.testcaseclass"/>
  <system-out/>
</testsuite> <!-- testcase.testcaseclass -->
